Build started 09-Dec-15 4:08:40 AM.
     1>Project "D:\Frogger\Frogger\Frogger.vcxproj" on node 2 (Rebuild target(s)).
     1>ClCompile:
         C:\Program Files (x86)\Microsoft Visual Studio 11.0\VC\bin\CL.exe /c /ZI /nologo /W3 /WX- /sdl /Od /Oy- /D _MBCS /Gm /EHsc /RTC1 /MDd /GS /fp:precise /Zc:wchar_t /Zc:forScope /Fo"Debug\\" /Fd"Debug\vc110.pdb" /Gd /TP /analyze- /errorReport:prompt src\base.cpp src\log.cpp src\bGround.cpp src\DrawableSprite.cpp src\frog.cpp src\main.cpp src\text.cpp src\vehicle.cpp
         vehicle.cpp
     1>d:\frogger\frogger\src\vehicle.cpp(7): warning C4244: 'argument' : conversion from 'int' to 'float', possible loss of data
     1>d:\frogger\frogger\src\vehicle.cpp(10): warning C4244: 'argument' : conversion from 'int' to 'float', possible loss of data
     1>d:\frogger\frogger\src\vehicle.cpp(34): warning C4244: '=' : conversion from 'int' to 'float', possible loss of data
     1>d:\frogger\frogger\src\vehicle.cpp(40): warning C4244: '=' : conversion from 'int' to 'float', possible loss of data
     1>d:\frogger\frogger\src\vehicle.cpp(50): warning C4244: '=' : conversion from 'int' to 'float', possible loss of data
     1>d:\frogger\frogger\src\vehicle.cpp(60): warning C4244: '=' : conversion from 'int' to 'float', possible loss of data
         text.cpp
         main.cpp
     1>d:\frogger\frogger\src\main.cpp(9): warning C4244: 'argument' : conversion from 'unsigned int' to 'float', possible loss of data
     1>d:\frogger\frogger\src\main.cpp(146): warning C4018: '<' : signed/unsigned mismatch
     1>d:\frogger\frogger\src\main.cpp(172): warning C4018: '<' : signed/unsigned mismatch
     1>d:\frogger\frogger\src\main.cpp(269): warning C4018: '<' : signed/unsigned mismatch
     1>d:\frogger\frogger\src\main.cpp(277): warning C4018: '<' : signed/unsigned mismatch
         frog.cpp
     1>d:\frogger\frogger\src\frog.cpp(184): warning C4244: 'argument' : conversion from 'int' to 'float', possible loss of data
     1>d:\frogger\frogger\src\frog.cpp(196): warning C4244: 'argument' : conversion from 'int' to 'float', possible loss of data
         DrawableSprite.cpp
         bGround.cpp
         log.cpp
     1>d:\frogger\frogger\src\log.cpp(7): warning C4244: 'argument' : conversion from 'int' to 'float', possible loss of data
     1>d:\frogger\frogger\src\log.cpp(10): warning C4244: 'argument' : conversion from 'int' to 'float', possible loss of data
     1>d:\frogger\frogger\src\log.cpp(30): warning C4244: '=' : conversion from 'int' to 'float', possible loss of data
     1>d:\frogger\frogger\src\log.cpp(36): warning C4244: '=' : conversion from 'int' to 'float', possible loss of data
     1>d:\frogger\frogger\src\log.cpp(46): warning C4244: '=' : conversion from 'int' to 'float', possible loss of data
     1>d:\frogger\frogger\src\log.cpp(56): warning C4244: '=' : conversion from 'int' to 'float', possible loss of data
         base.cpp
         Generating Code...
       Link:
         C:\Program Files (x86)\Microsoft Visual Studio 11.0\VC\bin\link.exe /ERRORREPORT:PROMPT /OUT:"D:\Frogger\Debug\Frogger.exe" /INCREMENTAL:NO /NOLOGO "sfml-window-d.lib" "sfml-audio-d.lib" "sfml-system-d.lib" "sfml-graphics-d.lib" kernel32.lib user32.lib gdi32.lib winspool.lib comdlg32.lib advapi32.lib shell32.lib ole32.lib oleaut32.lib uuid.lib odbc32.lib odbccp32.lib /MANIFEST /MANIFESTUAC:"level='asInvoker' uiAccess='false'" /manifest:embed /DEBUG /PDB:"D:\Frogger\Debug\Frogger.pdb" /TLBID:1 /DYNAMICBASE /NXCOMPAT /IMPLIB:"D:\Frogger\Debug\Frogger.lib" /MACHINE:X86 Debug\base.obj
         Debug\log.obj
         Debug\bGround.obj
         Debug\DrawableSprite.obj
         Debug\frog.obj
         Debug\main.obj
         Debug\text.obj
         Debug\vehicle.obj
     1>base.obj : warning LNK4075: ignoring '/EDITANDCONTINUE' due to '/OPT:LBR' specification
         Frogger.vcxproj -> D:\Frogger\Debug\Frogger.exe
     1>Done Building Project "D:\Frogger\Frogger\Frogger.vcxproj" (Rebuild target(s)).

Build succeeded.

Time Elapsed 00:00:13.85
