D:\FROGGER\FROGGER\DEBUG\MAIN.OBJ
D:\FROGGER\FROGGER\DEBUG\LOG.OBJ
D:\FROGGER\FROGGER\DEBUG\DRAWABLESPRITE.OBJ
D:\FROGGER\FROGGER\DEBUG\BGROUND.OBJ
D:\FROGGER\FROGGER\DEBUG\FROG.OBJ
D:\FROGGER\FROGGER\DEBUG\VEHICLE.OBJ
D:\FROGGER\FROGGER\DEBUG\VC110.PDB
D:\FROGGER\FROGGER\DEBUG\BASE.OBJ
D:\FROGGER\FROGGER\DEBUG\TEXT.OBJ
D:\FROGGER\DEBUG\FROGGER.EXE
D:\FROGGER\DEBUG\FROGGER.PDB
D:\Frogger\Frogger\Debug\base.obj
D:\Frogger\Frogger\Debug\bGround.obj
D:\Frogger\Frogger\Debug\DrawableSprite.obj
D:\Frogger\Frogger\Debug\frog.obj
D:\Frogger\Frogger\Debug\log.obj
D:\Frogger\Frogger\Debug\main.obj
D:\Frogger\Frogger\Debug\text.obj
D:\Frogger\Frogger\Debug\vehicle.obj
D:\Frogger\Frogger\Debug\cl.command.1.tlog
D:\Frogger\Frogger\Debug\CL.read.1.tlog
D:\Frogger\Frogger\Debug\CL.write.1.tlog
D:\Frogger\Frogger\Debug\link-cvtres.read.1.tlog
D:\Frogger\Frogger\Debug\link-cvtres.write.1.tlog
D:\Frogger\Frogger\Debug\link-rc.read.1.tlog
D:\Frogger\Frogger\Debug\link-rc.write.1.tlog
D:\Frogger\Frogger\Debug\link.1360-cvtres.read.1.tlog
D:\Frogger\Frogger\Debug\link.1360-cvtres.write.1.tlog
D:\Frogger\Frogger\Debug\link.1360-rc.read.1.tlog
D:\Frogger\Frogger\Debug\link.1360-rc.write.1.tlog
D:\Frogger\Frogger\Debug\link.1360.read.1.tlog
D:\Frogger\Frogger\Debug\link.1360.write.1.tlog
D:\Frogger\Frogger\Debug\link.1604-cvtres.read.1.tlog
D:\Frogger\Frogger\Debug\link.1604-cvtres.write.1.tlog
D:\Frogger\Frogger\Debug\link.1604-rc.read.1.tlog
D:\Frogger\Frogger\Debug\link.1604-rc.write.1.tlog
D:\Frogger\Frogger\Debug\link.1604.read.1.tlog
D:\Frogger\Frogger\Debug\link.1604.write.1.tlog
D:\Frogger\Frogger\Debug\link.2012-cvtres.read.1.tlog
D:\Frogger\Frogger\Debug\link.2012-cvtres.write.1.tlog
D:\Frogger\Frogger\Debug\link.2012-rc.read.1.tlog
D:\Frogger\Frogger\Debug\link.2012-rc.write.1.tlog
D:\Frogger\Frogger\Debug\link.2012.read.1.tlog
D:\Frogger\Frogger\Debug\link.2012.write.1.tlog
D:\Frogger\Frogger\Debug\link.2464-cvtres.read.1.tlog
D:\Frogger\Frogger\Debug\link.2464-cvtres.write.1.tlog
D:\Frogger\Frogger\Debug\link.2464-rc.read.1.tlog
D:\Frogger\Frogger\Debug\link.2464-rc.write.1.tlog
D:\Frogger\Frogger\Debug\link.2464.read.1.tlog
D:\Frogger\Frogger\Debug\link.2464.write.1.tlog
D:\Frogger\Frogger\Debug\link.2480-cvtres.read.1.tlog
D:\Frogger\Frogger\Debug\link.2480-cvtres.write.1.tlog
D:\Frogger\Frogger\Debug\link.2480-rc.read.1.tlog
D:\Frogger\Frogger\Debug\link.2480-rc.write.1.tlog
D:\Frogger\Frogger\Debug\link.2480.read.1.tlog
D:\Frogger\Frogger\Debug\link.2480.write.1.tlog
D:\Frogger\Frogger\Debug\link.2548-cvtres.read.1.tlog
D:\Frogger\Frogger\Debug\link.2548-cvtres.write.1.tlog
D:\Frogger\Frogger\Debug\link.2548-rc.read.1.tlog
D:\Frogger\Frogger\Debug\link.2548-rc.write.1.tlog
D:\Frogger\Frogger\Debug\link.2548.read.1.tlog
D:\Frogger\Frogger\Debug\link.2548.write.1.tlog
D:\Frogger\Frogger\Debug\link.2992-cvtres.read.1.tlog
D:\Frogger\Frogger\Debug\link.2992-cvtres.write.1.tlog
D:\Frogger\Frogger\Debug\link.2992-rc.read.1.tlog
D:\Frogger\Frogger\Debug\link.2992-rc.write.1.tlog
D:\Frogger\Frogger\Debug\link.2992.read.1.tlog
D:\Frogger\Frogger\Debug\link.2992.write.1.tlog
D:\Frogger\Frogger\Debug\link.3232-cvtres.read.1.tlog
D:\Frogger\Frogger\Debug\link.3232-cvtres.write.1.tlog
D:\Frogger\Frogger\Debug\link.3232-rc.read.1.tlog
D:\Frogger\Frogger\Debug\link.3232-rc.write.1.tlog
D:\Frogger\Frogger\Debug\link.3232.read.1.tlog
D:\Frogger\Frogger\Debug\link.3232.write.1.tlog
D:\Frogger\Frogger\Debug\link.3668-cvtres.read.1.tlog
D:\Frogger\Frogger\Debug\link.3668-cvtres.write.1.tlog
D:\Frogger\Frogger\Debug\link.3668-rc.read.1.tlog
D:\Frogger\Frogger\Debug\link.3668-rc.write.1.tlog
D:\Frogger\Frogger\Debug\link.3668.read.1.tlog
D:\Frogger\Frogger\Debug\link.3668.write.1.tlog
D:\Frogger\Frogger\Debug\link.3972-cvtres.read.1.tlog
D:\Frogger\Frogger\Debug\link.3972-cvtres.write.1.tlog
D:\Frogger\Frogger\Debug\link.3972-rc.read.1.tlog
D:\Frogger\Frogger\Debug\link.3972-rc.write.1.tlog
D:\Frogger\Frogger\Debug\link.3972.read.1.tlog
D:\Frogger\Frogger\Debug\link.3972.write.1.tlog
D:\Frogger\Frogger\Debug\link.4404-cvtres.read.1.tlog
D:\Frogger\Frogger\Debug\link.4404-cvtres.write.1.tlog
D:\Frogger\Frogger\Debug\link.4404-rc.read.1.tlog
D:\Frogger\Frogger\Debug\link.4404-rc.write.1.tlog
D:\Frogger\Frogger\Debug\link.4404.read.1.tlog
D:\Frogger\Frogger\Debug\link.4404.write.1.tlog
D:\Frogger\Frogger\Debug\link.4408-cvtres.read.1.tlog
D:\Frogger\Frogger\Debug\link.4408-cvtres.write.1.tlog
D:\Frogger\Frogger\Debug\link.4408-rc.read.1.tlog
D:\Frogger\Frogger\Debug\link.4408-rc.write.1.tlog
D:\Frogger\Frogger\Debug\link.4408.read.1.tlog
D:\Frogger\Frogger\Debug\link.4408.write.1.tlog
D:\Frogger\Frogger\Debug\link.4916-cvtres.read.1.tlog
D:\Frogger\Frogger\Debug\link.4916-cvtres.write.1.tlog
D:\Frogger\Frogger\Debug\link.4916-rc.read.1.tlog
D:\Frogger\Frogger\Debug\link.4916-rc.write.1.tlog
D:\Frogger\Frogger\Debug\link.4916.read.1.tlog
D:\Frogger\Frogger\Debug\link.4916.write.1.tlog
D:\Frogger\Frogger\Debug\link.4948-cvtres.read.1.tlog
D:\Frogger\Frogger\Debug\link.4948-cvtres.write.1.tlog
D:\Frogger\Frogger\Debug\link.4948-rc.read.1.tlog
D:\Frogger\Frogger\Debug\link.4948-rc.write.1.tlog
D:\Frogger\Frogger\Debug\link.4948.read.1.tlog
D:\Frogger\Frogger\Debug\link.4948.write.1.tlog
D:\Frogger\Frogger\Debug\link.5096-cvtres.read.1.tlog
D:\Frogger\Frogger\Debug\link.5096-cvtres.write.1.tlog
D:\Frogger\Frogger\Debug\link.5096-rc.read.1.tlog
D:\Frogger\Frogger\Debug\link.5096-rc.write.1.tlog
D:\Frogger\Frogger\Debug\link.5096.read.1.tlog
D:\Frogger\Frogger\Debug\link.5096.write.1.tlog
D:\Frogger\Frogger\Debug\link.5244-cvtres.read.1.tlog
D:\Frogger\Frogger\Debug\link.5244-cvtres.write.1.tlog
D:\Frogger\Frogger\Debug\link.5244-rc.read.1.tlog
D:\Frogger\Frogger\Debug\link.5244-rc.write.1.tlog
D:\Frogger\Frogger\Debug\link.5244.read.1.tlog
D:\Frogger\Frogger\Debug\link.5244.write.1.tlog
D:\Frogger\Frogger\Debug\link.5456-cvtres.read.1.tlog
D:\Frogger\Frogger\Debug\link.5456-cvtres.write.1.tlog
D:\Frogger\Frogger\Debug\link.5456-rc.read.1.tlog
D:\Frogger\Frogger\Debug\link.5456-rc.write.1.tlog
D:\Frogger\Frogger\Debug\link.5456.read.1.tlog
D:\Frogger\Frogger\Debug\link.5456.write.1.tlog
D:\Frogger\Frogger\Debug\link.5596-cvtres.read.1.tlog
D:\Frogger\Frogger\Debug\link.5596-cvtres.write.1.tlog
D:\Frogger\Frogger\Debug\link.5596-rc.read.1.tlog
D:\Frogger\Frogger\Debug\link.5596-rc.write.1.tlog
D:\Frogger\Frogger\Debug\link.5596.read.1.tlog
D:\Frogger\Frogger\Debug\link.5596.write.1.tlog
D:\Frogger\Frogger\Debug\link.5612-cvtres.read.1.tlog
D:\Frogger\Frogger\Debug\link.5612-cvtres.write.1.tlog
D:\Frogger\Frogger\Debug\link.5612-rc.read.1.tlog
D:\Frogger\Frogger\Debug\link.5612-rc.write.1.tlog
D:\Frogger\Frogger\Debug\link.5612.read.1.tlog
D:\Frogger\Frogger\Debug\link.5612.write.1.tlog
D:\Frogger\Frogger\Debug\link.5624-cvtres.read.1.tlog
D:\Frogger\Frogger\Debug\link.5624-cvtres.write.1.tlog
D:\Frogger\Frogger\Debug\link.5624-rc.read.1.tlog
D:\Frogger\Frogger\Debug\link.5624-rc.write.1.tlog
D:\Frogger\Frogger\Debug\link.5624.read.1.tlog
D:\Frogger\Frogger\Debug\link.5624.write.1.tlog
D:\Frogger\Frogger\Debug\link.5636-cvtres.read.1.tlog
D:\Frogger\Frogger\Debug\link.5636-cvtres.write.1.tlog
D:\Frogger\Frogger\Debug\link.5636-rc.read.1.tlog
D:\Frogger\Frogger\Debug\link.5636-rc.write.1.tlog
D:\Frogger\Frogger\Debug\link.5636.read.1.tlog
D:\Frogger\Frogger\Debug\link.5636.write.1.tlog
D:\Frogger\Frogger\Debug\link.5648-cvtres.read.1.tlog
D:\Frogger\Frogger\Debug\link.5648-cvtres.write.1.tlog
D:\Frogger\Frogger\Debug\link.5648-rc.read.1.tlog
D:\Frogger\Frogger\Debug\link.5648-rc.write.1.tlog
D:\Frogger\Frogger\Debug\link.5648.read.1.tlog
D:\Frogger\Frogger\Debug\link.5648.write.1.tlog
D:\Frogger\Frogger\Debug\link.5676-cvtres.read.1.tlog
D:\Frogger\Frogger\Debug\link.5676-cvtres.write.1.tlog
D:\Frogger\Frogger\Debug\link.5676-rc.read.1.tlog
D:\Frogger\Frogger\Debug\link.5676-rc.write.1.tlog
D:\Frogger\Frogger\Debug\link.5676.read.1.tlog
D:\Frogger\Frogger\Debug\link.5676.write.1.tlog
D:\Frogger\Frogger\Debug\link.5796-cvtres.read.1.tlog
D:\Frogger\Frogger\Debug\link.5796-cvtres.write.1.tlog
D:\Frogger\Frogger\Debug\link.5796-rc.read.1.tlog
D:\Frogger\Frogger\Debug\link.5796-rc.write.1.tlog
D:\Frogger\Frogger\Debug\link.5796.read.1.tlog
D:\Frogger\Frogger\Debug\link.5796.write.1.tlog
D:\Frogger\Frogger\Debug\link.5800-cvtres.read.1.tlog
D:\Frogger\Frogger\Debug\link.5800-cvtres.write.1.tlog
D:\Frogger\Frogger\Debug\link.5800-rc.read.1.tlog
D:\Frogger\Frogger\Debug\link.5800-rc.write.1.tlog
D:\Frogger\Frogger\Debug\link.5800.read.1.tlog
D:\Frogger\Frogger\Debug\link.5800.write.1.tlog
D:\Frogger\Frogger\Debug\link.5912-cvtres.read.1.tlog
D:\Frogger\Frogger\Debug\link.5912-cvtres.write.1.tlog
D:\Frogger\Frogger\Debug\link.5912-rc.read.1.tlog
D:\Frogger\Frogger\Debug\link.5912-rc.write.1.tlog
D:\Frogger\Frogger\Debug\link.5912.read.1.tlog
D:\Frogger\Frogger\Debug\link.5912.write.1.tlog
D:\Frogger\Frogger\Debug\link.5968-cvtres.read.1.tlog
D:\Frogger\Frogger\Debug\link.5968-cvtres.write.1.tlog
D:\Frogger\Frogger\Debug\link.5968-rc.read.1.tlog
D:\Frogger\Frogger\Debug\link.5968-rc.write.1.tlog
D:\Frogger\Frogger\Debug\link.5968.read.1.tlog
D:\Frogger\Frogger\Debug\link.5968.write.1.tlog
D:\Frogger\Frogger\Debug\link.5996-cvtres.read.1.tlog
D:\Frogger\Frogger\Debug\link.5996-cvtres.write.1.tlog
D:\Frogger\Frogger\Debug\link.5996-rc.read.1.tlog
D:\Frogger\Frogger\Debug\link.5996-rc.write.1.tlog
D:\Frogger\Frogger\Debug\link.5996.read.1.tlog
D:\Frogger\Frogger\Debug\link.5996.write.1.tlog
D:\Frogger\Frogger\Debug\link.6076-cvtres.read.1.tlog
D:\Frogger\Frogger\Debug\link.6076-cvtres.write.1.tlog
D:\Frogger\Frogger\Debug\link.6076-rc.read.1.tlog
D:\Frogger\Frogger\Debug\link.6076-rc.write.1.tlog
D:\Frogger\Frogger\Debug\link.6076.read.1.tlog
D:\Frogger\Frogger\Debug\link.6076.write.1.tlog
D:\Frogger\Frogger\Debug\link.command.1.tlog
D:\Frogger\Frogger\Debug\link.read.1.tlog
D:\Frogger\Frogger\Debug\link.write.1.tlog
D:\Frogger\Frogger\Debug\vc110.idb
D:\Frogger\Frogger\Debug\vc110.pdb
D:\Frogger\Debug\Frogger.pdb
D:\Frogger\Debug\Frogger.exe
