Build started 10/06/2015 20:37:27.
     1>Project "D:\Frogger\Frogger\Frogger.vcxproj" on node 2 (Build target(s)).
     1>ClCompile:
         C:\Program Files (x86)\Microsoft Visual Studio 11.0\VC\bin\CL.exe /c /ZI /nologo /W3 /WX- /sdl /Od /Oy- /D _MBCS /Gm /EHsc /RTC1 /MDd /GS /fp:precise /Zc:wchar_t /Zc:forScope /Fo"Debug\\" /Fd"Debug\vc110.pdb" /Gd /TP /analyze- /errorReport:prompt src\frog.cpp
         frog.cpp
     1>d:\frogger\frogger\src\frog.cpp(184): warning C4244: 'argument' : conversion from 'int' to 'float', possible loss of data
     1>d:\frogger\frogger\src\frog.cpp(196): warning C4244: 'argument' : conversion from 'int' to 'float', possible loss of data
       Link:
         C:\Program Files (x86)\Microsoft Visual Studio 11.0\VC\bin\link.exe /ERRORREPORT:PROMPT /OUT:"D:\Frogger\Debug\Frogger.exe" /INCREMENTAL:NO /NOLOGO "sfml-window-d.lib" "sfml-audio-d.lib" "sfml-system-d.lib" "sfml-graphics-d.lib" kernel32.lib user32.lib gdi32.lib winspool.lib comdlg32.lib advapi32.lib shell32.lib ole32.lib oleaut32.lib uuid.lib odbc32.lib odbccp32.lib /MANIFEST /MANIFESTUAC:"level='asInvoker' uiAccess='false'" /manifest:embed /DEBUG /PDB:"D:\Frogger\Debug\Frogger.pdb" /TLBID:1 /DYNAMICBASE /NXCOMPAT /IMPLIB:"D:\Frogger\Debug\Frogger.lib" /MACHINE:X86 Debug\base.obj
         Debug\log.obj
         Debug\bGround.obj
         Debug\DrawableSprite.obj
         Debug\frog.obj
         Debug\main.obj
         Debug\text.obj
         Debug\vehicle.obj
     1>base.obj : warning LNK4075: ignoring '/EDITANDCONTINUE' due to '/OPT:LBR' specification
         Frogger.vcxproj -> D:\Frogger\Debug\Frogger.exe
     1>Done Building Project "D:\Frogger\Frogger\Frogger.vcxproj" (Build target(s)).

Build succeeded.

Time Elapsed 00:00:05.75
