H:\DOCUMENTS\YEAR 1\IMAT1212\FROGGER\FROGGER\DEBUG\FROG.OBJ
H:\DOCUMENTS\YEAR 1\IMAT1212\FROGGER\FROGGER\DEBUG\MAIN.OBJ
H:\DOCUMENTS\YEAR 1\IMAT1212\FROGGER\FROGGER\DEBUG\VC110.PDB
H:\DOCUMENTS\YEAR 1\IMAT1212\FROGGER\FROGGER\DEBUG\VEHICLE.OBJ
H:\DOCUMENTS\YEAR 1\IMAT1212\FROGGER\DEBUG\FROGGER.ILK
H:\DOCUMENTS\YEAR 1\IMAT1212\FROGGER\DEBUG\FROGGER.EXE
H:\DOCUMENTS\YEAR 1\IMAT1212\FROGGER\DEBUG\FROGGER.PDB
H:\Documents\Year 1\IMAT1212\Frogger\Frogger\Debug\frog.obj
H:\Documents\Year 1\IMAT1212\Frogger\Frogger\Debug\vehicle.obj
H:\Documents\Year 1\IMAT1212\Frogger\Frogger\Debug\main.obj
H:\Documents\Year 1\IMAT1212\Frogger\Frogger\Debug\CL.read.1.tlog
H:\Documents\Year 1\IMAT1212\Frogger\Frogger\Debug\CL.write.1.tlog
H:\Documents\Year 1\IMAT1212\Frogger\Frogger\Debug\cl.command.1.tlog
H:\Documents\Year 1\IMAT1212\Frogger\Frogger\Debug\link-rc.read.1.tlog
H:\Documents\Year 1\IMAT1212\Frogger\Frogger\Debug\link-rc.write.1.tlog
H:\Documents\Year 1\IMAT1212\Frogger\Frogger\Debug\link-cvtres.read.1.tlog
H:\Documents\Year 1\IMAT1212\Frogger\Frogger\Debug\link-cvtres.write.1.tlog
H:\Documents\Year 1\IMAT1212\Frogger\Frogger\Debug\link.read.1.tlog
H:\Documents\Year 1\IMAT1212\Frogger\Frogger\Debug\link.write.1.tlog
H:\Documents\Year 1\IMAT1212\Frogger\Frogger\Debug\link.command.1.tlog
H:\Documents\Year 1\IMAT1212\Frogger\Frogger\Debug\link.1304-rc.read.1.tlog
H:\Documents\Year 1\IMAT1212\Frogger\Frogger\Debug\link.1304-rc.write.1.tlog
H:\Documents\Year 1\IMAT1212\Frogger\Frogger\Debug\link.1304-cvtres.read.1.tlog
H:\Documents\Year 1\IMAT1212\Frogger\Frogger\Debug\link.1304-cvtres.write.1.tlog
H:\Documents\Year 1\IMAT1212\Frogger\Frogger\Debug\link.1304.read.1.tlog
H:\Documents\Year 1\IMAT1212\Frogger\Frogger\Debug\link.1304.write.1.tlog
H:\Documents\Year 1\IMAT1212\Frogger\Frogger\Debug\link.4520-rc.read.1.tlog
H:\Documents\Year 1\IMAT1212\Frogger\Frogger\Debug\link.4520-rc.write.1.tlog
H:\Documents\Year 1\IMAT1212\Frogger\Frogger\Debug\link.4520-cvtres.read.1.tlog
H:\Documents\Year 1\IMAT1212\Frogger\Frogger\Debug\link.4520-cvtres.write.1.tlog
H:\Documents\Year 1\IMAT1212\Frogger\Frogger\Debug\link.4520.read.1.tlog
H:\Documents\Year 1\IMAT1212\Frogger\Frogger\Debug\link.4520.write.1.tlog
H:\Documents\Year 1\IMAT1212\Frogger\Frogger\Debug\vc110.idb
H:\Documents\Year 1\IMAT1212\Frogger\Frogger\Debug\vc110.pdb
H:\Documents\Year 1\IMAT1212\Frogger\Debug\Frogger.pdb
H:\Documents\Year 1\IMAT1212\Frogger\Debug\Frogger.exe
H:\Documents\Year 1\IMAT1212\Frogger\Debug\Frogger.ilk
